e:\3학년2학기\알고리즘\cpp\cppstudy\debug\vc142.pdb
e:\3학년2학기\알고리즘\cpp\cppstudy\debug\vc142.idb
e:\3학년2학기\알고리즘\cpp\cppstudy\debug\이름공간중첩.obj
e:\3학년2학기\알고리즘\cpp\cppstudy\debug\안보고연습2.obj
e:\3학년2학기\알고리즘\cpp\cppstudy\debug\안보고연습.obj
e:\3학년2학기\알고리즘\cpp\cppstudy\debug\소스2.obj
e:\3학년2학기\알고리즘\cpp\cppstudy\debug\소스1.obj
e:\3학년2학기\알고리즘\cpp\cppstudy\debug\소스.obj
e:\3학년2학기\알고리즘\cpp\cppstudy\debug\선언과정의.obj
e:\3학년2학기\알고리즘\cpp\cppstudy\debug\메인.obj
e:\3학년2학기\알고리즘\cpp\cppstudy\debug\메소드2.obj
e:\3학년2학기\알고리즘\cpp\cppstudy\debug\메소드1.obj
e:\3학년2학기\알고리즘\cpp\cppstudy\debug\동일이름공간.obj
e:\3학년2학기\알고리즘\cpp\cppstudy\debug\cppstudy.pdb
e:\3학년2학기\알고리즘\cpp\cppstudy\debug\cppstudy.tlog\cl.command.1.tlog
e:\3학년2학기\알고리즘\cpp\cppstudy\debug\cppstudy.tlog\cl.read.1.tlog
e:\3학년2학기\알고리즘\cpp\cppstudy\debug\cppstudy.tlog\cl.write.1.tlog
e:\3학년2학기\알고리즘\cpp\cppstudy\debug\cppstudy.tlog\link-cvtres.read.1.tlog
e:\3학년2학기\알고리즘\cpp\cppstudy\debug\cppstudy.tlog\link-cvtres.write.1.tlog
e:\3학년2학기\알고리즘\cpp\cppstudy\debug\cppstudy.tlog\link-rc.read.1.tlog
e:\3학년2학기\알고리즘\cpp\cppstudy\debug\cppstudy.tlog\link-rc.write.1.tlog
e:\3학년2학기\알고리즘\cpp\cppstudy\debug\cppstudy.tlog\link.command.1.tlog
e:\3학년2학기\알고리즘\cpp\cppstudy\debug\cppstudy.tlog\link.read.1.tlog
e:\3학년2학기\알고리즘\cpp\cppstudy\debug\cppstudy.tlog\link.write.1.tlog
